<?xml version="1.0" encoding="UTF-8"?>
<!-- Generated by org.testng.reporters.JUnitReportReporter -->
<testsuite hostname="LAPTOP-RBIMGVPE" failures="0" tests="1" name="Tests.addToCartTest" time="25.169" errors="0" timestamp="2023-11-19T13:15:54 EET" skipped="0">
  <testcase classname="Tests.addToCartTest" name="AddItemsToCart" time="25.169"/>
  <system-out/>
</testsuite> <!-- Tests.addToCartTest -->
